<?xml version="1.0" encoding="UTF-8"?>
<testsuite name="com.octopuscabbage.lunarlander.common.MessageTest" tests="1" skipped="0" failures="1" errors="0" timestamp="2016-01-11T01:22:43" hostname="Emily" time="0.006">
  <properties/>
  <testcase name="testMessageSerialization" classname="com.octopuscabbage.lunarlander.common.MessageTest" time="0.006">
    <failure message="java.nio.BufferUnderflowException" type="java.nio.BufferUnderflowException">java.nio.BufferUnderflowException
		at java.nio.Buffer.nextGetIndex(Buffer.java:506)
		at java.nio.HeapByteBuffer.getLong(HeapByteBuffer.java:412)
		at com.octopuscabbage.lunarlander.common.messages.GenericMessage.genericParse(Message.java:66)
		at com.octopuscabbage.lunarlander.common.messages.GenericMessage.&lt;init&gt;(Message.java:46)
		at com.octopuscabbage.lunarlander.common.MessageTest.testMessageSerialization(MessageTest.java:19)
		at sun.reflect.NativeMethodAccessorImpl.invoke0(Native Method)
		at sun.reflect.NativeMethodAccessorImpl.invoke(NativeMethodAccessorImpl.java:62)
		at sun.reflect.DelegatingMethodAccessorImpl.invoke(DelegatingMethodAccessorImpl.java:43)
		at java.lang.reflect.Method.invoke(Method.java:497)
		at org.junit.runners.model.FrameworkMethod$1.runReflectiveCall(FrameworkMethod.java:50)
		at org.junit.internal.runners.model.ReflectiveCallable.run(ReflectiveCallable.java:12)
		at org.junit.runners.model.FrameworkMethod.invokeExplosively(FrameworkMethod.java:47)
		at org.junit.internal.runners.statements.InvokeMethod.evaluate(InvokeMethod.java:17)
		at org.junit.runners.ParentRunner.runLeaf(ParentRunner.java:325)
		at org.junit.runners.BlockJUnit4ClassRunner.runChild(BlockJUnit4ClassRunner.java:78)
		at org.junit.runners.BlockJUnit4ClassRunner.runChild(BlockJUnit4ClassRunner.java:57)
		at org.junit.runners.ParentRunner$3.run(ParentRunner.java:290)
		at org.junit.runners.ParentRunner$1.schedule(ParentRunner.java:71)
		at org.junit.runners.ParentRunner.runChildren(ParentRunner.java:288)
		at org.junit.runners.ParentRunner.access$000(ParentRunner.java:58)
		at org.junit.runners.ParentRunner$2.evaluate(ParentRunner.java:268)
		at org.junit.runners.ParentRunner.run(ParentRunner.java:363)
		at
		org.gradle.api.internal.tasks.testing.junit.JUnitTestClassExecuter.runTestClass(JUnitTestClassExecuter.java:105)
		at org.gradle.api.internal.tasks.testing.junit.JUnitTestClassExecuter.execute(JUnitTestClassExecuter.java:56)
		at
		org.gradle.api.internal.tasks.testing.junit.JUnitTestClassProcessor.processTestClass(JUnitTestClassProcessor.java:64)
		at
		org.gradle.api.internal.tasks.testing.SuiteTestClassProcessor.processTestClass(SuiteTestClassProcessor.java:50)
		at sun.reflect.NativeMethodAccessorImpl.invoke0(Native Method)
		at sun.reflect.NativeMethodAccessorImpl.invoke(NativeMethodAccessorImpl.java:62)
		at sun.reflect.DelegatingMethodAccessorImpl.invoke(DelegatingMethodAccessorImpl.java:43)
		at java.lang.reflect.Method.invoke(Method.java:497)
		at org.gradle.messaging.dispatch.ReflectionDispatch.dispatch(ReflectionDispatch.java:35)
		at org.gradle.messaging.dispatch.ReflectionDispatch.dispatch(ReflectionDispatch.java:24)
		at org.gradle.messaging.dispatch.ContextClassLoaderDispatch.dispatch(ContextClassLoaderDispatch.java:32)
		at
		org.gradle.messaging.dispatch.ProxyDispatchAdapter$DispatchingInvocationHandler.invoke(ProxyDispatchAdapter.java:93)
		at com.sun.proxy.$Proxy2.processTestClass(Unknown Source)
		at org.gradle.api.internal.tasks.testing.worker.TestWorker.processTestClass(TestWorker.java:106)
		at sun.reflect.NativeMethodAccessorImpl.invoke0(Native Method)
		at sun.reflect.NativeMethodAccessorImpl.invoke(NativeMethodAccessorImpl.java:62)
		at sun.reflect.DelegatingMethodAccessorImpl.invoke(DelegatingMethodAccessorImpl.java:43)
		at java.lang.reflect.Method.invoke(Method.java:497)
		at org.gradle.messaging.dispatch.ReflectionDispatch.dispatch(ReflectionDispatch.java:35)
		at org.gradle.messaging.dispatch.ReflectionDispatch.dispatch(ReflectionDispatch.java:24)
		at org.gradle.messaging.remote.internal.hub.MessageHub$Handler.run(MessageHub.java:360)
		at org.gradle.internal.concurrent.ExecutorPolicy$CatchAndRecordFailures.onExecute(ExecutorPolicy.java:54)
		at org.gradle.internal.concurrent.StoppableExecutorImpl$1.run(StoppableExecutorImpl.java:40)
		at java.util.concurrent.ThreadPoolExecutor.runWorker(ThreadPoolExecutor.java:1142)
		at java.util.concurrent.ThreadPoolExecutor$Worker.run(ThreadPoolExecutor.java:617)
		at java.lang.Thread.run(Thread.java:745)
	</failure>
  </testcase>
  <system-out><![CDATA[]]></system-out>
  <system-err><![CDATA[]]></system-err>
</testsuite>
