<?xml version="1.0" encoding="UTF-8"?>
<testsuite name="com.octopuscabbage.lunarlander.common.MessageTest" tests="2" skipped="0" failures="0" errors="0" timestamp="2016-01-11T03:48:12" hostname="Emily" time="0.004">
  <properties/>
  <testcase name="testMessageSerialization" classname="com.octopuscabbage.lunarlander.common.MessageTest" time="0.003"/>
  <testcase name="testBeginPictureSerialization" classname="com.octopuscabbage.lunarlander.common.MessageTest" time="0.0"/>
  <system-out><![CDATA[]]></system-out>
  <system-err><![CDATA[]]></system-err>
</testsuite>
