<?xml version="1.0" encoding="UTF-8"?>
<testsuite name="com.octopuscabbage.lunarlander.common.PictureQueueTest" tests="1" skipped="0" failures="0" errors="0" timestamp="2016-01-11T03:48:12" hostname="Emily" time="0.054">
  <properties/>
  <testcase name="testSerialization" classname="com.octopuscabbage.lunarlander.common.PictureQueueTest" time="0.054"/>
  <system-out><![CDATA[]]></system-out>
  <system-err><![CDATA[]]></system-err>
</testsuite>
